<?xml version="1.0" encoding="UTF-8"?>
<testng-results skipped="0" failed="0" total="1" passed="1">
  <reporter-output>
  </reporter-output>
  <suite name="Default suite" duration-ms="26309" started-at="2018-05-01T05:35:10Z" finished-at="2018-05-01T05:35:36Z">
    <groups>
    </groups>
    <test name="Default test" duration-ms="26309" started-at="2018-05-01T05:35:10Z" finished-at="2018-05-01T05:35:36Z">
      <class name="com.selenium.mavenproject.basicscript.VerifyLeadsInformation">
        <test-method status="PASS" signature="testverifyleadsinformation()[pri:0, instance:com.selenium.mavenproject.basicscript.VerifyLeadsInformation@4520ebad]" name="testverifyleadsinformation" duration-ms="26281" started-at="2018-05-01T11:05:10Z" finished-at="2018-05-01T11:05:36Z">
          <reporter-output>
          </reporter-output>
        </test-method> <!-- testverifyleadsinformation -->
      </class> <!-- com.selenium.mavenproject.basicscript.VerifyLeadsInformation -->
    </test> <!-- Default test -->
  </suite> <!-- Default suite -->
</testng-results>
